<?xml version="1.0" encoding="UTF-8"?>
<testng-results ignored="0" total="3" passed="3" failed="0" skipped="0">
  <reporter-output>
  </reporter-output>
  <suite started-at="2024-09-02T18:36:55 GMT+01:00" name="Suite" finished-at="2024-09-02T18:37:21 GMT+01:00" duration-ms="26161">
    <groups>
    </groups>
    <test started-at="2024-09-02T18:36:55 GMT+01:00" name="Test" finished-at="2024-09-02T18:37:21 GMT+01:00" duration-ms="26161">
      <class name="allureReports.FirstAllureTest">
        <test-method is-config="true" signature="setup()[pri:0, instance:allureReports.FirstAllureTest@56673b2c]" started-at="2024-09-02T18:36:55 GMT+01:00" name="setup" finished-at="2024-09-02T18:37:03 GMT+01:00" duration-ms="7698" status="PASS">
          <reporter-output>
          </reporter-output>
        </test-method> <!-- setup -->
        <test-method signature="logopresence()[pri:1, instance:allureReports.FirstAllureTest@56673b2c]" started-at="2024-09-02T18:37:03 GMT+01:00" name="logopresence" description="Verify Logo Presence in home page" finished-at="2024-09-02T18:37:03 GMT+01:00" duration-ms="298" status="PASS">
          <reporter-output>
          </reporter-output>
        </test-method> <!-- logopresence -->
        <test-method signature="registrationTest()[pri:2, instance:allureReports.FirstAllureTest@56673b2c]" started-at="2024-09-02T18:37:03 GMT+01:00" name="registrationTest" description="Verify Registration fonctionnality" finished-at="2024-09-02T18:37:13 GMT+01:00" duration-ms="9934" status="PASS">
          <reporter-output>
          </reporter-output>
        </test-method> <!-- registrationTest -->
        <test-method signature="loginTest()[pri:3, instance:allureReports.FirstAllureTest@56673b2c]" started-at="2024-09-02T18:37:13 GMT+01:00" name="loginTest" description="Verify Login fonctionnality" finished-at="2024-09-02T18:37:19 GMT+01:00" duration-ms="5958" status="PASS">
          <reporter-output>
          </reporter-output>
        </test-method> <!-- loginTest -->
        <test-method is-config="true" signature="tearDown()[pri:0, instance:allureReports.FirstAllureTest@56673b2c]" started-at="2024-09-02T18:37:19 GMT+01:00" name="tearDown" finished-at="2024-09-02T18:37:21 GMT+01:00" duration-ms="1911" status="PASS">
          <reporter-output>
          </reporter-output>
        </test-method> <!-- tearDown -->
      </class> <!-- allureReports.FirstAllureTest -->
    </test> <!-- Test -->
  </suite> <!-- Suite -->
</testng-results>
