<?xml version="1.0" encoding="UTF-8"?>
<!-- Generated by org.testng.reporters.JUnitXMLReporter -->
<testsuite ignored="0" hostname="VR10" failures="0" tests="3" name="Test" time="26.161" errors="0" timestamp="2024-09-02T18:37:21 GMT+01:00">
  <testcase classname="allureReports.FirstAllureTest" name="logopresence" time="0.298"/>
  <testcase classname="allureReports.FirstAllureTest" name="registrationTest" time="9.934"/>
  <testcase classname="allureReports.FirstAllureTest" name="loginTest" time="5.958"/>
</testsuite> <!-- Test -->
